C51 COMPILER V9.57.0.0   MAIN                                                              05/28/2018 21:11:51 PAGE 1   


C51 COMPILER V9.57.0.0, COMPILATION OF MODULE MAIN
OBJECT MODULE PLACED IN .\Objects\main.obj
COMPILER INVOKED BY: D:\keil4_c51\C51\BIN\C51.EXE src\main.c OPTIMIZE(8,SPEED) BROWSE INCDIR(.\inc) DEBUG OBJECTEXTEND P
                    -RINT(.\Listings\main.lst) TABS(2) OBJECT(.\Objects\main.obj)

line level    source

   1          #include "poe_m.h"
   2          #include "uart.h"
   3          #include "timer.h"
   4          #include "STC8xxxx.h"
   5          
   6          //========================================================================
   7          // function:    any delay function
   8          // description: delay time in while
   9          // parameter:   void
  10          // return:      void
  11          // version:     V1.0, 2018-1-11
  12          //========================================================================
  13          void delay(uint8_t time){
  14   1        for(;time>0;time--);
  15   1      }
  16          void debug_delay(uint8_t time){
  17   1        for(;time>0;time--)
  18   1          delay(255);
  19   1      }
  20          
  21          //========================================================================
  22          // function:    timeEvent_Process
  23          // description: cyclicity_event and deferred_event proccess
  24          // parameter:   a timerx tick
  25          // return:      void
  26          // version:     V2.0, 2018-4-24
  27          //========================================================================
  28          void timeEvent_Process(uint8_t new_tick){
  29   1        static uint8_t old_tick = 0;
  30   1        static uint8_t cnt_tick = 0;
  31   1        cnt_tick = new_tick-old_tick;
  32   1        if(0 == cnt_tick) return;
  33   1        old_tick = new_tick;
  34   1      
  35   1      #if (DEBUG)
  36   1        timeEv_UARTRx1Rst(cnt_tick);
  37   1      #endif
  38   1        timeEv_getGsta(cnt_tick);
  39   1        timeEv_pwrled(cnt_tick);
  40   1        timeEv_open_den(cnt_tick);
  41   1        timeEv_getIU(cnt_tick);
  42   1      }
  43          
  44          //========================================================================
  45          // function:    main
  46          // description: main
  47          // parameter:   void
  48          // return:      void
  49          // version:     V2.0, 2018-4-24
  50          //========================================================================
  51          void main(void){
  52   1        EAXSFR();
  53   1        PORT_INIT();
  54   1        TIMER1_config();
C51 COMPILER V9.57.0.0   MAIN                                                              05/28/2018 21:11:51 PAGE 2   

  55   1        WDG_config();
  56   1      #if (DEBUG)
  57   1        UART1_config();
  58   1      #endif
  59   1        EA = 1; //enable interuupt_
  60   1        while(1){
  61   2      #if (DEBUG)
  62   2          UART1_RxProcess();
  63   2          UART1_TxProcess();
  64   2      #endif
  65   2          timeEvent_Process(get_timer1tick());
  66   2          WDG_freed();
  67   2        }
  68   1      }
  69          


MODULE INFORMATION:   STATIC OVERLAYABLE
   CODE SIZE        =    124    ----
   CONSTANT SIZE    =   ----    ----
   XDATA SIZE       =   ----    ----
   PDATA SIZE       =   ----    ----
   DATA SIZE        =      2    ----
   IDATA SIZE       =   ----    ----
   BIT SIZE         =   ----    ----
END OF MODULE INFORMATION.


C51 COMPILATION COMPLETE.  0 WARNING(S),  0 ERROR(S)
