C51 COMPILER V9.57.0.0   POE_M                                                             07/22/2018 15:47:33 PAGE 1   


C51 COMPILER V9.57.0.0, COMPILATION OF MODULE POE_M
OBJECT MODULE PLACED IN .\Objects\poe_m.obj
COMPILER INVOKED BY: D:\Keil_v5_957\C51\BIN\C51.EXE src\poe_m.c OPTIMIZE(8,SPEED) BROWSE INCDIR(.\inc) DEBUG OBJECTEXTEN
                    -D PRINT(.\Listings\poe_m.lst) TABS(2) OBJECT(.\Objects\poe_m.obj)

line level    source

   1          #include "i2c.h"
   2          #include "uart.h"
   3          #include "poe_m.h"
   4          #include "tt9980.h"
   5          #include "STC8xxxx.h"
   6          
   7          static uint16_t xdata pwrled_time = 0;  //led flash time
   8          
   9          uint8_t i2c_salve[MAX_DEVICE] = {TT9980_1_4, TT9980_5_8, TT9980_9_12, TT9980_13_16};
  10          
  11          static void lowprio_off(void);
  12          static void highprio_on(void);
  13          static void set_led(uint8_t dev, uint8_t ch, bit val);
  14          static void set_allled(bit val);
  15          
  16          //========================================================================
  17          // function:    any delay function
  18          // description: delay time in while
  19          // parameter:   tick
  20          // return:      void
  21          // version:     V2.0, 2018-6-18
  22          //========================================================================
  23          void delay(uint8_t time){
  24   1        for(;time>0;time--);
  25   1      }
  26          void debug_delay(uint16_t time){
  27   1        for(;time>0;time--)
  28   1          delay(0xFF);
  29   1      }
  30          
  31          //========================================================================
  32          // function:    WDG_config
  33          // description: start wdg
  34          // parameter:   void
  35          // return:      void
  36          // version:     V1.0, 2018-1-11
  37          //========================================================================
  38          void WDG_config(void){
  39   1        WDT_CONTR = D_EN_WDT | D_WDT_SCALE_128;
  40   1      }
  41          
  42          //========================================================================
  43          // function:    WDG_freed
  44          // description: wdg clear
  45          // parameter:   void
  46          // return:      void
  47          // version:     V1.0, 2018-1-11
  48          //========================================================================
  49          void WDG_freed(void){
  50   1        WDT_CONTR |= D_CLR_WDT;
  51   1      }
  52          
  53          //========================================================================
  54          // function:    system_init
C51 COMPILER V9.57.0.0   POE_M                                                             07/22/2018 15:47:33 PAGE 2   

  55          // description: system init state
  56          // parameter:   void
  57          // return:      void
  58          // version:     V2.0, 2018-6-18
  59          //========================================================================
  60          void system_init(void){
  61   1        uint8_t xdata ch=0;
  62   1        
  63   1        set_allled(L_ON); //led on : all 
  64   1        PWR_LED = PWR_LED_ON; //pwrled on
  65   1        debug_delay(0x2FFF);
  66   1        set_allled(L_OFF);  //led off : all 
  67   1        PWR_LED = PWR_LED_OFF;  //pwrled off
  68   1        pwrled_time = PWR_LED_STOP;     //pwrled off
  69   1        
  70   1        ttall_write(WORK_MODE, MODE_HFAUTO);  //set work mode
  71   1        ttall_write(DET_EN, 0xFF);  //open det/class
  72   1        ttall_write(PWR_ON, 0x0F);  //power on
  73   1        for(ch=0; ch<MAX_CH; ch++)
  74   1          ttall_write(GPDM(ch), 0x01);  //set class level_2
  75   1        
  76   1        PrintString1(PRJ_NAME); //test
  77   1      }
  78          
  79          //========================================================================
  80          // function:    timeEv_pwrled
  81          // description: pwr led flash
  82          // parameter:   tick
  83          // return:      void
  84          // version:     V2.0, 2018-6-18
  85          //========================================================================
  86          void timeEv_pwrled(uint8_t tick){
  87   1        static uint16_t xdata pwrled_tick = 0;
  88   1        if(PWR_LED_STOP == pwrled_time)
  89   1          return;
  90   1        pwrled_tick += tick;
  91   1        if(pwrled_tick > pwrled_time){
  92   2          pwrled_tick = 0;
  93   2          PWR_LED = !PWR_LED;
  94   2        }
  95   1      }
  96          
  97          //========================================================================
  98          // function:    timeEv_getGsta
  99          // description: uart1 interrupt_ service handle
 100          // parameter:   tick
 101          // return:      void
 102          // version:     V2.0, 2018-6-18
 103          //========================================================================
 104          void timeEv_getGsta(uint8_t tick){
 105   1        static uint16_t xdata getg_tick = 0;
 106   1        static uint8_t dev = 0;
 107   1        uint8_t state = 0, ch = 0, ret = 0;
 108   1        getg_tick += tick;
 109   1        if(getg_tick > T_GET_G){
 110   2          getg_tick = 0;
 111   2          ret = tt_read(dev, PWR_STATE, &state);
 112   2          if(ret){
 113   3            state = (G_OFF ? 0xFF : 0x00);  //if i2c_err, then led_off
 114   3          }
 115   2          for(ch=0; ch<MAX_CH; ch++){
 116   3            if(((state>>ch)&0x01) == G_ON)
C51 COMPILER V9.57.0.0   POE_M                                                             07/22/2018 15:47:33 PAGE 3   

 117   3              set_led(dev, ch, L_ON);
 118   3            else
 119   3              set_led(dev, ch, L_OFF);
 120   3          }
 121   2          if((++dev) >= MAX_DEVICE)
 122   2            dev = 0;
 123   2        }
 124   1      }
 125          
 126          //========================================================================
 127          // function:    timeEv_getIU
 128          // description: get slave current and voltage
 129          // parameter:   tick
 130          // return:      void
 131          // version:     V2.0, 2018-6-18
 132          //========================================================================
 133          void timeEv_getIU(uint8_t tick){
 134   1        static uint16_t xdata getiu_tick = 0;
 135   1        static uint8_t cnt_iumax = 0;
 136   1        static uint8_t err_ret = 0;
 137   1        uint8_t xdata ret = 0;
 138   1        getiu_tick += tick;
 139   1        if(getiu_tick > T_GET_IU){
 140   2          uint8_t dev = 0, ch = 0;
 141   2          uint32_t sum_iu = 0;
 142   2          getiu_tick = 0;
 143   2          for(dev=0; dev<MAX_DEVICE; dev++){      //calculate sum of i*u
 144   3            uint8_t pbuf[U4_H-U1_L+1] = {0};
 145   3            ret = i2c_read(i2c_salve[dev], I1_L, pbuf, U4_H-I1_L+1);
 146   3            if(!ret){
 147   4              for(ch=0; ch<MAX_CH; ch++){
 148   5                sum_iu += (uint16_t)pbuf[ch<<2] | ((uint16_t)pbuf[(ch<<2)+1]<<8);
 149   5              }
 150   4              err_ret = 0;
 151   4            }
 152   3            else if(err_ret++ > CNT_ERR){
 153   4              while(1);
 154   4            }
 155   3          }
 156   2      #if (DEBUG)
 157   2        {
 158   3          uint32_t test_sum = sum_iu;
 159   3          TX1_write2buff('i');
 160   3          TX1_write2buff('=');
 161   3          while(test_sum){
 162   4            TX1_write2buff('0'+(test_sum%10));//test
 163   4            test_sum /= 10;
 164   4          }
 165   3          TX1_write2buff('\n');
 166   3        }
 167   2      #endif
 168   2          if(sum_iu>IU_UP) return;
 169   2          if(sum_iu > IU_MAX){    // >100%
 170   3            cnt_iumax++;
 171   3            if(cnt_iumax < CNT_IUMAX) return;
 172   3            pwrled_time = PWR_LED_MAX;
 173   3            lowprio_off();
 174   3            cnt_iumax = 0;
 175   3          }
 176   2          else if(sum_iu > IU_MID){ // >95%
 177   3            pwrled_time = PWR_LED_FAST;
 178   3            cnt_iumax = 0;
C51 COMPILER V9.57.0.0   POE_M                                                             07/22/2018 15:47:33 PAGE 4   

 179   3          }
 180   2          else if(sum_iu > IU_NOR){ // >75%
 181   3            pwrled_time = PWR_LED_SLOW;
 182   3            ttall_write(DET_EN, 0xFF);
 183   3            ttall_write(PWR_ON, 0x0F);
 184   3            cnt_iumax = 0;
 185   3          }
 186   2          else{           // <=75%
 187   3            pwrled_time = PWR_LED_STOP;
 188   3            PWR_LED = PWR_LED_OFF;
 189   3            ttall_write(DET_EN, 0xFF);
 190   3            ttall_write(PWR_ON, 0x0F);
 191   3            cnt_iumax = 0;
 192   3          }
 193   2        }
 194   1      }
 195          
 196          //========================================================================
 197          // function:    lowprio_off
 198          // description: close gate witch is ON and lower previlige
 199          // parameter:   void
 200          // return:      closed flag
 201          // version:     V1.0, 2018-6-18
 202          //========================================================================
 203          static void lowprio_off(void){
 204   1        char xdata ret = 0, dev = 0, ch = 0;
 205   1        uint8_t pwr_state = 0, g_state = 0;
 206   1        for(dev=MAX_DEVICE-1; dev>=0; dev--){
 207   2          ret = tt_read(dev, PWR_STATE, &pwr_state);  //read pwr state
 208   2          if(ret) continue;
 209   2          for(ch=0; ch<MAX_CH; ch++){
 210   3            if((pwr_state>>ch)&0x01 == G_ON){   //get pwr_on channal
 211   4              g_state |= (0x10<<ch);
 212   4              tt_write(dev, PWR_ON, g_state); //set pwr on/off
 213   4              return;
 214   4            }
 215   3          }
 216   2        }
 217   1      }
 218          
 219          //========================================================================
 220          // function:    highprio_on
 221          // description: open gate witch is OFF and higher previlige
 222          // parameter:   void
 223          // return:      closed flag
 224          // version:     V1.0, 2018-6-18
 225          //========================================================================
 226          static void highprio_on(void){
 227   1        uint8_t xdata ret = 0, dev = 0, ch = 0;
 228   1        uint8_t pwr_state = 0, g_state = 0;
 229   1        for(dev=0; dev<MAX_DEVICE; dev++){
 230   2          ret = tt_read(dev, PWR_STATE, &pwr_state);  //read pwr state
 231   2          if(ret)
 232   2            continue;
 233   2          for(ch=0; ch<MAX_CH; ch++){
 234   3            if(((pwr_state>>ch)&0x01) == G_OFF){
 235   4              g_state |= (0x01<<ch);
 236   4              tt_write(dev, PWR_ON, g_state); //set pwr on/off
 237   4              return;
 238   4            }
 239   3          }
 240   2        }
C51 COMPILER V9.57.0.0   POE_M                                                             07/22/2018 15:47:33 PAGE 5   

 241   1      }
 242          
 243          //========================================================================
 244          // function:    set_led
 245          // description: set led on/off
 246          // parameter:   device, channel, state
 247          // return:      void
 248          // version:     V2.0, 2018-6-18
 249          //========================================================================
 250          static void set_led(uint8_t dev, uint8_t ch, bit val){
 251   1        uint8_t l = 0xff;
 252   1        if(dev<6 && ch<MAX_CH)
 253   1          l = dev*MAX_CH+ch;
 254   1        l += 8;
 255   1        switch(l){
 256   2          case 0:  L1 = val; break;
 257   2          case 1:  L2 = val; break;
 258   2          case 2:  L3 = val; break;
 259   2          case 3:  L4 = val; break;
 260   2          case 4:  L5 = val; break;
 261   2          case 5:  L6 = val; break;
 262   2          case 6:  L7 = val; break;
 263   2          case 7:  L8 = val; break;
 264   2          case 8:  L9 = val; break;
 265   2          case 9:  L10 = val; break;
 266   2          case 10: L11 = val; break;
 267   2          case 11: L12 = val; break;
 268   2          case 12: L13 = val; break;
 269   2          case 13: L14 = val; break;
 270   2          case 14: L15 = val; break;
 271   2          case 15: L16 = val; break;
 272   2          case 16: L17 = val; break;
 273   2          case 17: L18 = val; break;
 274   2          case 18: L19 = val; break;
 275   2          case 19: L20 = val; break;
 276   2          case 20: L21 = val; break;
 277   2          case 21: L22 = val; break;
 278   2          case 22: L23 = val; break;
 279   2          case 23: L24 = val; break;
 280   2          default:break;
 281   2        }
 282   1      }
 283          
 284          //========================================================================
 285          // function:    set_lalled
 286          // description: set led on/off
 287          // parameter:   state
 288          // return:      void
 289          // version:     V2.0, 2018-6-18
 290          //========================================================================
 291          static void set_allled(bit val){
 292   1        uint8_t dev, ch;
 293   1        for(dev=0; dev<MAX_DEVICE; dev++)
 294   1          for(ch=0; ch<MAX_CH; ch++)
 295   1            set_led(dev, ch, val);          //set led all 
 296   1      }
 297          


MODULE INFORMATION:   STATIC OVERLAYABLE
   CODE SIZE        =   1218    ----
   CONSTANT SIZE    =     23    ----
C51 COMPILER V9.57.0.0   POE_M                                                             07/22/2018 15:47:33 PAGE 6   

   XDATA SIZE       =      8       8
   PDATA SIZE       =   ----    ----
   DATA SIZE        =      7      26
   IDATA SIZE       =   ----    ----
   BIT SIZE         =   ----       2
END OF MODULE INFORMATION.


C51 COMPILATION COMPLETE.  0 WARNING(S),  0 ERROR(S)
