C51 COMPILER V9.57.0.0   TIMER                                                             06/17/2018 19:42:40 PAGE 1   


C51 COMPILER V9.57.0.0, COMPILATION OF MODULE TIMER
OBJECT MODULE PLACED IN .\Objects\timer.obj
COMPILER INVOKED BY: D:\Keil_v5_957\C51\BIN\C51.EXE src\timer.c OPTIMIZE(8,SPEED) BROWSE INCDIR(.\inc) DEBUG OBJECTEXTEN
                    -D PRINT(.\Listings\timer.lst) TABS(2) OBJECT(.\Objects\timer.obj)

line level    source

   1          #include "timer.h"
   2          
   3          volatile uint8_t TIMER1_TICK = 0;
   4          
   5          //========================================================================
   6          // function:    TIMER1_config
   7          // description: start timer1
   8          // parameter:   void
   9          // return:      void
  10          // version:     V1.0, 2018-1-11
  11          //========================================================================
  12          void TIMER1_config(void){
  13   1        AUXR &= ~(1<<6);  ////Timer1 set as 12T mode
  14   1        TMOD = 0x00;
  15   1        TL1 = 0x30; //65536- 24m/12/1k
  16   1        TH1 = 0xF8; //2k_tick/ms
  17   1        TR1 = 1;    //start timer1
  18   1        ET1 = 1;    //enable interuupt_
  19   1      }
  20          
  21          //========================================================================
  22          // function:    timer1_handle
  23          // description: timer1 interrupt_ service handle
  24          // parameter:   void
  25          // return:      void
  26          // version:     V1.0, 2018-1-11
  27          //========================================================================
  28          void timer1_handle (void) interrupt 3{
  29   1        TIMER1_TICK++;
  30   1      }
  31          
  32          //========================================================================
  33          // function:    get_timer1tick
  34          // description: return timer1 tick
  35          // parameter:   void
  36          // return:      void
  37          // version:     V1.0, 2018-1-11
  38          //========================================================================
  39          uint8_t get_timer1tick(void){
  40   1        return TIMER1_TICK;
  41   1      }


MODULE INFORMATION:   STATIC OVERLAYABLE
   CODE SIZE        =     23    ----
   CONSTANT SIZE    =   ----    ----
   XDATA SIZE       =   ----    ----
   PDATA SIZE       =   ----    ----
   DATA SIZE        =      1    ----
   IDATA SIZE       =   ----    ----
   BIT SIZE         =   ----    ----
END OF MODULE INFORMATION.


C51 COMPILATION COMPLETE.  0 WARNING(S),  0 ERROR(S)
